<?xml version="1.0" encoding="UTF-8"?>
<testng-results ignored="0" total="2" passed="2" failed="0" skipped="0">
  <reporter-output>
  </reporter-output>
  <suite started-at="2021-09-28T12:17:07 IST" name="SampleSuite2" finished-at="2021-09-28T12:18:02 IST" duration-ms="54471">
    <groups>
    </groups>
    <test started-at="2021-09-28T12:17:07 IST" name="SampleTest" finished-at="2021-09-28T12:17:33 IST" duration-ms="25707">
      <class name="seleniumproject.RecorderScript">
        <test-method is-config="true" signature="setup(java.lang.String)[pri:0, instance:seleniumproject.RecorderScript@1e04fa0a]" started-at="2021-09-28T12:17:07 IST" name="setup" finished-at="2021-09-28T12:17:12 IST" duration-ms="4280" status="PASS">
          <params>
            <param index="0">
              <value>
                <![CDATA[Chrome]]>
              </value>
            </param>
          </params>
          <reporter-output>
          </reporter-output>
        </test-method> <!-- setup -->
        <test-method signature="testParameterWithXML()[pri:0, instance:seleniumproject.RecorderScript@1e04fa0a]" started-at="2021-09-28T12:17:12 IST" name="testParameterWithXML" finished-at="2021-09-28T12:17:33 IST" duration-ms="21369" status="PASS">
          <reporter-output>
          </reporter-output>
        </test-method> <!-- testParameterWithXML -->
      </class> <!-- seleniumproject.RecorderScript -->
    </test> <!-- SampleTest -->
    <test started-at="2021-09-28T12:17:33 IST" name="Sample2Test" finished-at="2021-09-28T12:18:02 IST" duration-ms="28718">
      <class name="seleniumproject.RecorderScript">
        <test-method is-config="true" signature="setup(java.lang.String)[pri:0, instance:seleniumproject.RecorderScript@27462a88]" started-at="2021-09-28T12:17:33 IST" name="setup" finished-at="2021-09-28T12:17:40 IST" duration-ms="6525" status="PASS">
          <params>
            <param index="0">
              <value>
                <![CDATA[Firefox]]>
              </value>
            </param>
          </params>
          <reporter-output>
          </reporter-output>
        </test-method> <!-- setup -->
        <test-method signature="testParameterWithXML()[pri:0, instance:seleniumproject.RecorderScript@27462a88]" started-at="2021-09-28T12:17:40 IST" name="testParameterWithXML" finished-at="2021-09-28T12:18:02 IST" duration-ms="22183" status="PASS">
          <reporter-output>
          </reporter-output>
        </test-method> <!-- testParameterWithXML -->
      </class> <!-- seleniumproject.RecorderScript -->
    </test> <!-- Sample2Test -->
  </suite> <!-- SampleSuite2 -->
</testng-results>
